#
# A fatal error has been detected by the Java Runtime Environment:
#
#  SIGSEGV (0xb) at pc=0x0000000105e89df4, pid=26732, tid=0x0000000000003603
#
# JRE version: Java(TM) SE Runtime Environment (8.0_191-b12) (build 1.8.0_191-b12)
# Java VM: Java HotSpot(TM) 64-Bit Server VM (25.191-b12 mixed mode bsd-amd64 compressed oops)
# Problematic frame:
# V  [libjvm.dylib+0x289df4]  GenerateOopMap::bb_mark_fct(GenerateOopMap*, int, int*)+0x1e
#
# Failed to write core dump. Core dumps have been disabled. To enable core dumping, try "ulimit -c unlimited" before starting Java again
#
# If you would like to submit a bug report, please visit:
#   http://bugreport.java.com/bugreport/crash.jsp
#

---------------  T H R E A D  ---------------

Current thread (0x00007f8a2d834800):  VMThread [stack: 0x000070000a15d000,0x000070000a25d000] [id=13827]

siginfo: si_signo: 11 (SIGSEGV), si_code: 0 (unknown), si_addr: 0x0000000000000000

Registers:
RAX=0x00007f8a2c60b340, RBX=0x000070000a25c6d8, RCX=0xffffffffffffb26e, RDX=0x0000000000000000
RSP=0x000070000a25c4e0, RBP=0x000070000a25c4f0, RSI=0x00000000ffffb26e, RDI=0x000070000a25c6d8
R8 =0x1ffffffffffff648, R9 =0x0000000000000003, R10=0x00000000fff00000, R11=0x00007f8a2d600000
R12=0x00000000000000a7, R13=0x000000000000009d, R14=0x000000000000009d, R15=0x000070000a25c560
RIP=0x0000000105e89df4, EFLAGS=0x0000000000010a06, ERR=0x0000000000000000
  TRAPNO=0x000000000000000d

Top of Stack: (sp=0x000070000a25c4e0)
0x000070000a25c4e0:   000070000a25c6d8 000070000a25c6d8
0x000070000a25c4f0:   000070000a25c550 0000000105e8a1a7
0x000070000a25c500:   0000000108b286d8 0000000000000000
0x000070000a25c510:   0000000105e89dd6 000070000a25c560
0x000070000a25c520:   000070000a25c550 000070000a25c6d8
0x000070000a25c530:   00000000000000a7 000000000000009d
0x000070000a25c540:   0000000108b28601 000070000a25c560
0x000070000a25c550:   000070000a25c5e0 0000000105e8aec7
0x000070000a25c560:   000070000a25c6f0 0000000108b286d8
0x000070000a25c570:   00007f8a2d834800 000000a00000009d
0x000070000a25c580:   000000a7000000a1 000000a708b20000
0x000070000a25c590:   0000000000000000 000000a100000000
0x000070000a25c5a0:   0000000108b286d8 00007f8a2d834800
0x000070000a25c5b0:   0000000108b286d8 00007f8a2d834800
0x000070000a25c5c0:   0000000108b286d8 0000000108b286d8
0x000070000a25c5d0:   000070000a25c6d8 0000000108b286d8
0x000070000a25c5e0:   000070000a25c670 0000000105e8b11f
0x000070000a25c5f0:   0000000106220000 0000000000000000
0x000070000a25c600:   000000010622ebc2 0000000000000000
0x000070000a25c610:   0000000000000000 0000000500000100
0x000070000a25c620:   0000000000000000 000000010621b8ea
0x000070000a25c630:   0000000000000000 0000000000000000
0x000070000a25c640:   0000000108b286d8 00007f8a2d834800
0x000070000a25c650:   0000000108b286d8 000070000a25c6d8
0x000070000a25c660:   00007f8a2d834800 00007f8a2d616900
0x000070000a25c670:   000070000a25c6c0 000000010608506d
0x000070000a25c680:   00007f8a2d00ec40 00007f8a2c60b290
0x000070000a25c690:   00007f8a2c60b2a0 00007f8a2c60b678
0x000070000a25c6a0:   00000000000003d8 000000000000003f
0x000070000a25c6b0:   000070000a25c868 00007f8a2d616900
0x000070000a25c6c0:   000070000a25c850 0000000106085276
0x000070000a25c6d0:   0000000000000004 00000001064dd230 

Instructions: (pc=0x0000000105e89df4)
0x0000000105e89dd4:   c3 90 55 48 89 e5 53 48 83 ec 08 48 8b 87 90 00
0x0000000105e89de4:   00 00 48 63 ce 49 89 c8 49 83 e0 c0 49 c1 e8 03
0x0000000105e89df4:   4a 8b 04 00 48 0f a3 f0 72 17 48 89 fb 48 8d 7b
0x0000000105e89e04:   70 ba 01 00 00 00 48 89 ce e8 98 c8 e4 ff ff 43 

Register to memory mapping:

RAX=0x00007f8a2c60b340 is an unknown value
RBX=0x000070000a25c6d8 is an unknown value
RCX=0xffffffffffffb26e is an unknown value
RDX=0x0000000000000000 is an unknown value
RSP=0x000070000a25c4e0 is an unknown value
RBP=0x000070000a25c4f0 is an unknown value
RSI=0x00000000ffffb26e is an unknown value
RDI=0x000070000a25c6d8 is an unknown value
R8 =0x1ffffffffffff648 is an unknown value
R9 =0x0000000000000003 is an unknown value
R10=0x00000000fff00000 is an unknown value
R11=0x00007f8a2d600000 is an unknown value
R12=0x00000000000000a7 is an unknown value
R13=0x000000000000009d is an unknown value
R14=0x000000000000009d is an unknown value
R15=0x000070000a25c560 is an unknown value


Stack: [0x000070000a15d000,0x000070000a25d000],  sp=0x000070000a25c4e0,  free space=1021k
Native frames: (J=compiled Java code, j=interpreted, Vv=VM code, C=native code)
V  [libjvm.dylib+0x289df4]  GenerateOopMap::bb_mark_fct(GenerateOopMap*, int, int*)+0x1e
V  [libjvm.dylib+0x28a1a7]  GenerateOopMap::jump_targets_do(BytecodeStream*, void (*)(GenerateOopMap*, int, int*), int*)+0x5b
V  [libjvm.dylib+0x28aec7]  GenerateOopMap::mark_bbheaders_and_count_gc_points()+0x131
V  [libjvm.dylib+0x28b11f]  GenerateOopMap::compute_map(Thread*)+0x1eb
V  [libjvm.dylib+0x48506d]  OopMapForCacheEntry::compute_map(Thread*)+0x8f
V  [libjvm.dylib+0x485276]  OopMapCacheEntry::fill(methodHandle, int)+0x19e
V  [libjvm.dylib+0x485457]  OopMapCache::compute_one_oop_map(methodHandle, int, InterpreterOopMap*)+0x16b
V  [libjvm.dylib+0x48570e]  OopMapCache::lookup(methodHandle, int, InterpreterOopMap*) const+0x25c
V  [libjvm.dylib+0x2c2848]  InstanceKlass::mask_for(methodHandle, int, InterpreterOopMap*)+0xd2
V  [libjvm.dylib+0x452da9]  Method::mask_for(int, InterpreterOopMap*)+0xb3
V  [libjvm.dylib+0x39ad03]  VM_GetOrSetLocal::doit()+0x47
V  [libjvm.dylib+0x5bd259]  VM_Operation::evaluate()+0x4f
V  [libjvm.dylib+0x5bb7f1]  VMThread::evaluate_operation(VM_Operation*)+0xdf
V  [libjvm.dylib+0x5bbc3e]  VMThread::loop()+0x328
V  [libjvm.dylib+0x5bb55d]  VMThread::run()+0x79
V  [libjvm.dylib+0x48e0be]  java_start(Thread*)+0xf6
C  [libsystem_pthread.dylib+0x3661]  _pthread_body+0x154
C  [libsystem_pthread.dylib+0x350d]  _pthread_body+0x0
C  [libsystem_pthread.dylib+0x2bf9]  thread_start+0xd

VM_Operation (0x000070000a668958): GetOrSetLocal, mode: safepoint, requested by thread 0x00007f8a2f80b000


---------------  P R O C E S S  ---------------

Java Threads: ( => current thread )
  0x00007f8a2c80f000 JavaThread "Service Thread" daemon [_thread_blocked, id=42499, stack(0x000070000ac7e000,0x000070000ad7e000)]
  0x00007f8a32003800 JavaThread "C1 CompilerThread3" daemon [_thread_blocked, id=22275, stack(0x000070000ab7b000,0x000070000ac7b000)]
  0x00007f8a32002800 JavaThread "C2 CompilerThread2" daemon [_thread_blocked, id=22019, stack(0x000070000aa78000,0x000070000ab78000)]
  0x00007f8a32002000 JavaThread "C2 CompilerThread1" daemon [_thread_blocked, id=43267, stack(0x000070000a975000,0x000070000aa75000)]
  0x00007f8a32001000 JavaThread "C2 CompilerThread0" daemon [_thread_blocked, id=17155, stack(0x000070000a872000,0x000070000a972000)]
  0x00007f8a3200c000 JavaThread "JDWP Command Reader" daemon [_thread_in_native, id=17411, stack(0x000070000a76f000,0x000070000a86f000)]
  0x00007f8a2d819800 JavaThread "JDWP Event Helper Thread" daemon [_thread_blocked, id=16643, stack(0x000070000a66c000,0x000070000a76c000)]
  0x00007f8a2f80b000 JavaThread "JDWP Transport Listener: dt_socket" daemon [_thread_blocked, id=18183, stack(0x000070000a569000,0x000070000a669000)]
  0x00007f8a31013800 JavaThread "Signal Dispatcher" daemon [_thread_blocked, id=16139, stack(0x000070000a466000,0x000070000a566000)]
  0x00007f8a31000000 JavaThread "Finalizer" daemon [_thread_blocked, id=20227, stack(0x000070000a363000,0x000070000a463000)]
  0x00007f8a2e810800 JavaThread "Reference Handler" daemon [_thread_blocked, id=14339, stack(0x000070000a260000,0x000070000a360000)]
  0x00007f8a2f801000 JavaThread "main" [_thread_blocked, id=6147, stack(0x000070000963c000,0x000070000973c000)]

Other Threads:
=>0x00007f8a2d834800 VMThread [stack: 0x000070000a15d000,0x000070000a25d000] [id=13827]
  0x00007f8a30009000 WatcherThread [stack: 0x000070000ad81000,0x000070000ae81000] [id=41987]

VM state:at safepoint (normal execution)

VM Mutex/Monitor currently owned by a thread:  ([mutex/lock_event])
[0x00007f8a2c6072c0] Threads_lock - owner thread: 0x00007f8a2d834800

Heap:
 PSYoungGen      total 76288K, used 18371K [0x000000076ab00000, 0x0000000770000000, 0x00000007c0000000)
  eden space 65536K, 28% used [0x000000076ab00000,0x000000076bcf0fc0,0x000000076eb00000)
  from space 10752K, 0% used [0x000000076f580000,0x000000076f580000,0x0000000770000000)
  to   space 10752K, 0% used [0x000000076eb00000,0x000000076eb00000,0x000000076f580000)
 ParOldGen       total 175104K, used 0K [0x00000006c0000000, 0x00000006cab00000, 0x000000076ab00000)
  object space 175104K, 0% used [0x00000006c0000000,0x00000006c0000000,0x00000006cab00000)
 Metaspace       used 6931K, capacity 7610K, committed 7808K, reserved 1056768K
  class space    used 887K, capacity 1029K, committed 1152K, reserved 1048576K

Card table byte_map: [0x0000000106f74000,0x0000000107775000] byte_map_base: 0x0000000103974000

Marking Bits: (ParMarkBitMap*) 0x00000001064f9e00
 Begin Bits: [0x000000011a6d3000, 0x000000011e6d3000)
 End Bits:   [0x000000011e6d3000, 0x00000001226d3000)

Polling page: 0x00000001042dc000

CodeCache: size=245760Kb used=2690Kb max_used=2690Kb free=243069Kb
 bounds [0x000000010b6d3000, 0x000000010b983000, 0x000000011a6d3000]
 total_blobs=1004 nmethods=731 adapters=195
 compilation: enabled

Compilation events (10 events):
Event: 0.748 Thread 0x00007f8a32003800  727       3       java.lang.invoke.MethodHandles$Lookup::in (125 bytes)
Event: 0.748 Thread 0x00007f8a32002800  728       4       java.lang.Class::getName (21 bytes)
Event: 0.751 Thread 0x00007f8a32002800 nmethod 728 0x000000010b970910 code [0x000000010b970a60, 0x000000010b970b08]
Event: 0.752 Thread 0x00007f8a32003800 nmethod 727 0x000000010b970b90 code [0x000000010b970dc0, 0x000000010b971a78]
Event: 0.752 Thread 0x00007f8a32003800  730       3       java.lang.invoke.AbstractValidatingLambdaMetafactory::isAdaptableTo (126 bytes)
Event: 0.754 Thread 0x00007f8a32003800 nmethod 730 0x000000010b972b10 code [0x000000010b972d80, 0x000000010b973ca8]
Event: 0.754 Thread 0x00007f8a32003800  731       3       java.nio.Buffer::position (43 bytes)
Event: 0.754 Thread 0x00007f8a32003800 nmethod 731 0x000000010b9703d0 code [0x000000010b970560, 0x000000010b970828]
Event: 0.754 Thread 0x00007f8a32003800  729       3       java.lang.invoke.DirectMethodHandle::shouldBeInitialized (123 bytes)
Event: 0.754 Thread 0x00007f8a32003800 nmethod 729 0x000000010b9742d0 code [0x000000010b9744a0, 0x000000010b974be8]

GC Heap History (0 events):
No events

Deoptimization events (1 events):
Event: 0.445 Thread 0x00007f8a2f801000 Uncommon trap: reason=unstable_if action=reinterpret pc=0x000000010b8979c4 method=java.lang.String.replace(CC)Ljava/lang/String; @ 26

Classes redefined (2 events):
Event: 137.608 Thread 0x00007f8a2d834800 redefined class name=Array.SetMatrixZeros, count=1
Event: 145.852 Thread 0x00007f8a2d834800 redefined class name=Array.SetMatrixZeros, count=2

Internal exceptions (10 events):
Event: 0.320 Thread 0x00007f8a2f801000 Exception <a 'java/security/PrivilegedActionException'> (0x000000076b25b378) thrown at [/Users/java_re/workspace/8-2-build-macosx-x86_64/jdk8u191/11896/hotspot/src/share/vm/prims/jvm.cpp, line 1435]
Event: 0.410 Thread 0x00007f8a2f801000 Exception <a 'java/lang/NoSuchMethodError': java.lang.Object.lambda$or$2(Ljava/util/function/Predicate;Ljava/lang/Object;)Z> (0x000000076b40dc58) thrown at [/Users/java_re/workspace/8-2-build-macosx-x86_64/jdk8u191/11896/hotspot/src/share/vm/interpreter/l
Event: 0.462 Thread 0x00007f8a2f801000 Exception <a 'java/lang/IncompatibleClassChangeError': Found class java.lang.Object, but interface was expected> (0x000000076b595028) thrown at [/Users/java_re/workspace/8-2-build-macosx-x86_64/jdk8u191/11896/hotspot/src/share/vm/interpreter/linkResolver.
Event: 0.499 Thread 0x00007f8a2f801000 Exception <a 'java/lang/IncompatibleClassChangeError': Found class java.lang.Object, but interface was expected> (0x000000076b721598) thrown at [/Users/java_re/workspace/8-2-build-macosx-x86_64/jdk8u191/11896/hotspot/src/share/vm/interpreter/linkResolver.
Event: 0.500 Thread 0x00007f8a2f801000 Exception <a 'java/lang/NoSuchMethodError': java.lang.Object.lambda$accept$0(Lorg/junit/platform/engine/TestDescriptor$Visitor;Lorg/junit/platform/engine/TestDescriptor;)V> (0x000000076b7272a0) thrown at [/Users/java_re/workspace/8-2-build-macosx-x86_64/j
Event: 0.501 Thread 0x00007f8a2f801000 Exception <a 'java/lang/NoSuchMethodError': java.lang.Object.containsTests(Lorg/junit/platform/engine/TestDescriptor;)Z> (0x000000076b72f9a0) thrown at [/Users/java_re/workspace/8-2-build-macosx-x86_64/jdk8u191/11896/hotspot/src/share/vm/interpreter/linkR
Event: 0.521 Thread 0x00007f8a2f801000 Exception <a 'java/lang/NoSuchMethodError': java.lang.Object.lambda$adaptFilter$0(Lorg/junit/platform/engine/Filter;Ljava/util/function/Function;Ljava/lang/Object;)Lorg/junit/platform/engine/FilterResult;> (0x000000076b7f9788) thrown at [/Users/java_re/wo
Event: 0.522 Thread 0x00007f8a2f801000 Exception <a 'java/lang/NoSuchMethodError': java.lang.Object.lambda$toPredicate$1(Ljava/lang/Object;)Z> (0x000000076b80ab48) thrown at [/Users/java_re/workspace/8-2-build-macosx-x86_64/jdk8u191/11896/hotspot/src/share/vm/interpreter/linkResolver.cpp, line
Event: 0.525 Thread 0x00007f8a2f801000 Exception <a 'java/lang/NoSuchMethodError': java.lang.Object.lambda$and$0(Ljava/util/function/Predicate;Ljava/lang/Object;)Z> (0x000000076b80dba8) thrown at [/Users/java_re/workspace/8-2-build-macosx-x86_64/jdk8u191/11896/hotspot/src/share/vm/interpreter/
Event: 0.688 Thread 0x00007f8a2f801000 Exception <a 'java/lang/NoSuchMethodError': java.lang.Object.lambda$andThen$1(Ljava/util/function/Function;Ljava/lang/Object;)Ljava/lang/Object;> (0x000000076baccca8) thrown at [/Users/java_re/workspace/8-2-build-macosx-x86_64/jdk8u191/11896/hotspot/src/s

Events (10 events):
Event: 230.913 Executing VM operation: ChangeBreakpoints done
Event: 237.040 Executing VM operation: ChangeBreakpoints
Event: 237.040 Executing VM operation: ChangeBreakpoints done
Event: 237.047 Executing VM operation: ChangeBreakpoints
Event: 237.047 Executing VM operation: ChangeBreakpoints done
Event: 359.961 Executing VM operation: ChangeBreakpoints
Event: 359.961 Executing VM operation: ChangeBreakpoints done
Event: 359.961 Executing VM operation: ChangeBreakpoints
Event: 359.961 Executing VM operation: ChangeBreakpoints done
Event: 359.963 Executing VM operation: GetOrSetLocal


Dynamic libraries:
0x00007fff42348000 	/System/Library/Frameworks/Cocoa.framework/Versions/A/Cocoa
0x00007fff4e989000 	/System/Library/Frameworks/Security.framework/Versions/A/Security
0x00007fff40f8a000 	/System/Library/Frameworks/ApplicationServices.framework/Versions/A/ApplicationServices
0x00007fff6a91b000 	/usr/lib/libz.1.dylib
0x00007fff687cd000 	/usr/lib/libSystem.B.dylib
0x00007fff69f08000 	/usr/lib/libobjc.A.dylib
0x00007fff42b09000 	/System/Library/Frameworks/CoreFoundation.framework/Versions/A/CoreFoundation
0x00007fff44c81000 	/System/Library/Frameworks/Foundation.framework/Versions/C/Foundation
0x00007fff400da000 	/System/Library/Frameworks/AppKit.framework/Versions/C/AppKit
0x00007fff426c0000 	/System/Library/Frameworks/CoreData.framework/Versions/A/CoreData
0x00007fff6208b000 	/System/Library/PrivateFrameworks/RemoteViewServices.framework/Versions/A/RemoteViewServices
0x00007fff667ff000 	/System/Library/PrivateFrameworks/UIFoundation.framework/Versions/A/UIFoundation
0x00007fff56e9e000 	/System/Library/PrivateFrameworks/DFRFoundation.framework/Versions/A/DFRFoundation
0x00007fff472f0000 	/System/Library/Frameworks/Metal.framework/Versions/A/Metal
0x00007fff5703b000 	/System/Library/PrivateFrameworks/DesktopServicesPriv.framework/Versions/A/DesktopServicesPriv
0x00007fff69455000 	/usr/lib/libenergytrace.dylib
0x00007fff6486b000 	/System/Library/PrivateFrameworks/SkyLight.framework/Versions/A/SkyLight
0x00007fff42fa5000 	/System/Library/Frameworks/CoreGraphics.framework/Versions/A/CoreGraphics
0x00007fff687c8000 	/usr/lib/libScreenReader.dylib
0x00007fff3edec000 	/System/Library/Frameworks/Accelerate.framework/Versions/A/Accelerate
0x00007fff453fb000 	/System/Library/Frameworks/IOSurface.framework/Versions/A/IOSurface
0x00007fff414d4000 	/System/Library/Frameworks/AudioToolbox.framework/Versions/A/AudioToolbox
0x00007fff41764000 	/System/Library/Frameworks/AudioUnit.framework/Versions/A/AudioUnit
0x00007fff56f36000 	/System/Library/PrivateFrameworks/DataDetectorsCore.framework/Versions/A/DataDetectorsCore
0x00007fff41e3b000 	/System/Library/Frameworks/Carbon.framework/Versions/A/Frameworks/HIToolbox.framework/Versions/A/HIToolbox
0x00007fff695af000 	/usr/lib/libicucore.A.dylib
0x00007fff4df08000 	/System/Library/Frameworks/QuartzCore.framework/Versions/A/QuartzCore
0x00007fff63b0d000 	/System/Library/PrivateFrameworks/SignpostNotification.framework/Versions/A/SignpostNotification
0x00007fff42221000 	/System/Library/Frameworks/Carbon.framework/Versions/A/Frameworks/SpeechRecognition.framework/Versions/A/SpeechRecognition
0x00007fff689ab000 	/usr/lib/libauto.dylib
0x00007fff6a80a000 	/usr/lib/libxml2.2.dylib
0x00007fff56aee000 	/System/Library/PrivateFrameworks/CoreUI.framework/Versions/A/CoreUI
0x00007fff4259c000 	/System/Library/Frameworks/CoreAudio.framework/Versions/A/CoreAudio
0x00007fff44abb000 	/System/Library/Frameworks/DiskArbitration.framework/Versions/A/DiskArbitration
0x00007fff69823000 	/usr/lib/liblangid.dylib
0x00007fff5e596000 	/System/Library/PrivateFrameworks/MultitouchSupport.framework/Versions/A/MultitouchSupport
0x00007fff4535e000 	/System/Library/Frameworks/IOKit.framework/Versions/A/IOKit
0x00007fff68457000 	/usr/lib/libDiagnosticMessagesClient.dylib
0x00007fff43c99000 	/System/Library/Frameworks/CoreServices.framework/Versions/A/CoreServices
0x00007fff600c7000 	/System/Library/PrivateFrameworks/PerformanceAnalysis.framework/Versions/A/PerformanceAnalysis
0x00007fff4d0aa000 	/System/Library/Frameworks/OpenGL.framework/Versions/A/OpenGL
0x00007fff42356000 	/System/Library/Frameworks/ColorSync.framework/Versions/A/ColorSync
0x00007fff435d5000 	/System/Library/Frameworks/CoreImage.framework/Versions/A/CoreImage
0x00007fff44629000 	/System/Library/Frameworks/CoreText.framework/Versions/A/CoreText
0x00007fff45459000 	/System/Library/Frameworks/ImageIO.framework/Versions/A/ImageIO
0x00007fff5379a000 	/System/Library/PrivateFrameworks/Backup.framework/Versions/A/Backup
0x00007fff68879000 	/usr/lib/libarchive.2.dylib
0x00007fff41a87000 	/System/Library/Frameworks/CFNetwork.framework/Versions/A/CFNetwork
0x00007fff4f11c000 	/System/Library/Frameworks/SystemConfiguration.framework/Versions/A/SystemConfiguration
0x00007fff68380000 	/usr/lib/libCRFSuite.dylib
0x00007fff68a84000 	/usr/lib/libc++.1.dylib
0x00007fff68adb000 	/usr/lib/libc++abi.dylib
0x00007fff6a9c9000 	/usr/lib/system/libcache.dylib
0x00007fff6a9ce000 	/usr/lib/system/libcommonCrypto.dylib
0x00007fff6a9d9000 	/usr/lib/system/libcompiler_rt.dylib
0x00007fff6a9e1000 	/usr/lib/system/libcopyfile.dylib
0x00007fff6a9eb000 	/usr/lib/system/libcorecrypto.dylib
0x00007fff6aaf8000 	/usr/lib/system/libdispatch.dylib
0x00007fff6ab32000 	/usr/lib/system/libdyld.dylib
0x00007fff6ab50000 	/usr/lib/system/libkeymgr.dylib
0x00007fff6ab5e000 	/usr/lib/system/liblaunch.dylib
0x00007fff6ab5f000 	/usr/lib/system/libmacho.dylib
0x00007fff6ab64000 	/usr/lib/system/libquarantine.dylib
0x00007fff6ab67000 	/usr/lib/system/libremovefile.dylib
0x00007fff6ab69000 	/usr/lib/system/libsystem_asl.dylib
0x00007fff6ab81000 	/usr/lib/system/libsystem_blocks.dylib
0x00007fff6ab82000 	/usr/lib/system/libsystem_c.dylib
0x00007fff6ac0c000 	/usr/lib/system/libsystem_configuration.dylib
0x00007fff6ac10000 	/usr/lib/system/libsystem_coreservices.dylib
0x00007fff6ac14000 	/usr/lib/system/libsystem_darwin.dylib
0x00007fff6ac16000 	/usr/lib/system/libsystem_dnssd.dylib
0x00007fff6ac1d000 	/usr/lib/system/libsystem_info.dylib
0x00007fff6ac8e000 	/usr/lib/system/libsystem_m.dylib
0x00007fff6acda000 	/usr/lib/system/libsystem_malloc.dylib
0x00007fff6acfa000 	/usr/lib/system/libsystem_network.dylib
0x00007fff6ae2b000 	/usr/lib/system/libsystem_networkextension.dylib
0x00007fff6ae36000 	/usr/lib/system/libsystem_notify.dylib
0x00007fff6ae54000 	/usr/lib/system/libsystem_sandbox.dylib
0x00007fff6ae58000 	/usr/lib/system/libsystem_secinit.dylib
0x00007fff6ac67000 	/usr/lib/system/libsystem_kernel.dylib
0x00007fff6ae40000 	/usr/lib/system/libsystem_platform.dylib
0x00007fff6ae48000 	/usr/lib/system/libsystem_pthread.dylib
0x00007fff6ae5a000 	/usr/lib/system/libsystem_symptoms.dylib
0x00007fff6ae62000 	/usr/lib/system/libsystem_trace.dylib
0x00007fff6ae77000 	/usr/lib/system/libunwind.dylib
0x00007fff6ae7d000 	/usr/lib/system/libxpc.dylib
0x00007fff68293000 	/usr/lib/closure/libclosured.dylib
0x00007fff68a65000 	/usr/lib/libbsm.0.dylib
0x00007fff6ab51000 	/usr/lib/system/libkxld.dylib
0x00007fff68691000 	/usr/lib/libOpenScriptingUtil.dylib
0x00007fff68dd4000 	/usr/lib/libcoretls.dylib
0x00007fff68ded000 	/usr/lib/libcoretls_cfhelpers.dylib
0x00007fff6a30c000 	/usr/lib/libpam.2.dylib
0x00007fff6a433000 	/usr/lib/libsqlite3.dylib
0x00007fff6a7f9000 	/usr/lib/libxar.1.dylib
0x00007fff68a76000 	/usr/lib/libbz2.1.0.dylib
0x00007fff69825000 	/usr/lib/liblzma.5.dylib
0x00007fff69d06000 	/usr/lib/libnetwork.dylib
0x00007fff68862000 	/usr/lib/libapple_nghttp2.dylib
0x00007fff6a313000 	/usr/lib/libpcap.A.dylib
0x00007fff689ac000 	/usr/lib/libboringssl.dylib
0x00007fff6a794000 	/usr/lib/libusrtcp.dylib
0x00007fff68861000 	/usr/lib/libapple_crypto.dylib
0x00007fff4401c000 	/System/Library/Frameworks/CoreServices.framework/Versions/A/Frameworks/FSEvents.framework/Versions/A/FSEvents
0x00007fff43d0f000 	/System/Library/Frameworks/CoreServices.framework/Versions/A/Frameworks/CarbonCore.framework/Versions/A/CarbonCore
0x00007fff441e3000 	/System/Library/Frameworks/CoreServices.framework/Versions/A/Frameworks/Metadata.framework/Versions/A/Metadata
0x00007fff44294000 	/System/Library/Frameworks/CoreServices.framework/Versions/A/Frameworks/OSServices.framework/Versions/A/OSServices
0x00007fff442f5000 	/System/Library/Frameworks/CoreServices.framework/Versions/A/Frameworks/SearchKit.framework/Versions/A/SearchKit
0x00007fff43c9a000 	/System/Library/Frameworks/CoreServices.framework/Versions/A/Frameworks/AE.framework/Versions/A/AE
0x00007fff44025000 	/System/Library/Frameworks/CoreServices.framework/Versions/A/Frameworks/LaunchServices.framework/Versions/A/LaunchServices
0x00007fff43fe7000 	/System/Library/Frameworks/CoreServices.framework/Versions/A/Frameworks/DictionaryServices.framework/Versions/A/DictionaryServices
0x00007fff44364000 	/System/Library/Frameworks/CoreServices.framework/Versions/A/Frameworks/SharedFileList.framework/Versions/A/SharedFileList
0x00007fff48526000 	/System/Library/Frameworks/NetFS.framework/Versions/A/NetFS
0x00007fff5e827000 	/System/Library/PrivateFrameworks/NetAuth.framework/Versions/A/NetAuth
0x00007fff6812a000 	/System/Library/PrivateFrameworks/login.framework/Versions/A/Frameworks/loginsupport.framework/Versions/A/loginsupport
0x00007fff6647c000 	/System/Library/PrivateFrameworks/TCC.framework/Versions/A/TCC
0x00007fff69906000 	/usr/lib/libmecabra.dylib
0x00007fff40f8b000 	/System/Library/Frameworks/ApplicationServices.framework/Versions/A/Frameworks/ATS.framework/Versions/A/ATS
0x00007fff41339000 	/System/Library/Frameworks/ApplicationServices.framework/Versions/A/Frameworks/ColorSyncLegacy.framework/Versions/A/ColorSyncLegacy
0x00007fff413dd000 	/System/Library/Frameworks/ApplicationServices.framework/Versions/A/Frameworks/HIServices.framework/Versions/A/HIServices
0x00007fff41430000 	/System/Library/Frameworks/ApplicationServices.framework/Versions/A/Frameworks/LangAnalysis.framework/Versions/A/LangAnalysis
0x00007fff4143f000 	/System/Library/Frameworks/ApplicationServices.framework/Versions/A/Frameworks/PrintCore.framework/Versions/A/PrintCore
0x00007fff4148c000 	/System/Library/Frameworks/ApplicationServices.framework/Versions/A/Frameworks/QD.framework/Versions/A/QD
0x00007fff414c7000 	/System/Library/Frameworks/ApplicationServices.framework/Versions/A/Frameworks/SpeechSynthesis.framework/Versions/A/SpeechSynthesis
0x00007fff42a25000 	/System/Library/Frameworks/CoreDisplay.framework/Versions/A/CoreDisplay
0x00007fff3ee05000 	/System/Library/Frameworks/Accelerate.framework/Versions/A/Frameworks/vImage.framework/Versions/A/vImage
0x00007fff3fde6000 	/System/Library/Frameworks/Accelerate.framework/Versions/A/Frameworks/vecLib.framework/Versions/A/vecLib
0x00007fff3fbbb000 	/System/Library/Frameworks/Accelerate.framework/Versions/A/Frameworks/vecLib.framework/Versions/A/libvDSP.dylib
0x00007fff3f6f5000 	/System/Library/Frameworks/Accelerate.framework/Versions/A/Frameworks/vecLib.framework/Versions/A/libBNNS.dylib
0x00007fff3fb21000 	/System/Library/Frameworks/Accelerate.framework/Versions/A/Frameworks/vecLib.framework/Versions/A/libQuadrature.dylib
0x00007fff3fd2f000 	/System/Library/Frameworks/Accelerate.framework/Versions/A/Frameworks/vecLib.framework/Versions/A/libvMisc.dylib
0x00007fff3f730000 	/System/Library/Frameworks/Accelerate.framework/Versions/A/Frameworks/vecLib.framework/Versions/A/libLAPACK.dylib
0x00007fff3f554000 	/System/Library/Frameworks/Accelerate.framework/Versions/A/Frameworks/vecLib.framework/Versions/A/libBLAS.dylib
0x00007fff3fb0a000 	/System/Library/Frameworks/Accelerate.framework/Versions/A/Frameworks/vecLib.framework/Versions/A/libLinearAlgebra.dylib
0x00007fff3fb27000 	/System/Library/Frameworks/Accelerate.framework/Versions/A/Frameworks/vecLib.framework/Versions/A/libSparse.dylib
0x00007fff3fba8000 	/System/Library/Frameworks/Accelerate.framework/Versions/A/Frameworks/vecLib.framework/Versions/A/libSparseBLAS.dylib
0x00007fff5b67a000 	/System/Library/PrivateFrameworks/GPUWrangler.framework/Versions/A/GPUWrangler
0x00007fff5ce0b000 	/System/Library/PrivateFrameworks/IOAccelerator.framework/Versions/A/IOAccelerator
0x00007fff5ce16000 	/System/Library/PrivateFrameworks/IOPresentment.framework/Versions/A/IOPresentment
0x00007fff56eb0000 	/System/Library/PrivateFrameworks/DSExternalDisplay.framework/Versions/A/DSExternalDisplay
0x00007fff4c529000 	/System/Library/Frameworks/OpenGL.framework/Versions/A/Libraries/libCoreFSCache.dylib
0x00007fff4477a000 	/System/Library/Frameworks/CoreVideo.framework/Versions/A/CoreVideo
0x00007fff5c3f5000 	/System/Library/PrivateFrameworks/GraphVisualizer.framework/Versions/A/GraphVisualizer
0x00007fff47527000 	/System/Library/Frameworks/MetalPerformanceShaders.framework/Versions/A/MetalPerformanceShaders
0x00007fff6848f000 	/usr/lib/libFosl_dynamic.dylib
0x00007fff57f84000 	/System/Library/PrivateFrameworks/FaceCore.framework/Versions/A/FaceCore
0x00007fff4b324000 	/System/Library/Frameworks/OpenCL.framework/Versions/A/OpenCL
0x00007fff68b12000 	/usr/lib/libcompression.dylib
0x00007fff4108a000 	/System/Library/Frameworks/ApplicationServices.framework/Versions/A/Frameworks/ATS.framework/Versions/A/Resources/libFontParser.dylib
0x00007fff411ad000 	/System/Library/Frameworks/ApplicationServices.framework/Versions/A/Frameworks/ATS.framework/Versions/A/Resources/libFontRegistry.dylib
0x00007fff456c4000 	/System/Library/Frameworks/ImageIO.framework/Versions/A/Resources/libJPEG.dylib
0x00007fff459ee000 	/System/Library/Frameworks/ImageIO.framework/Versions/A/Resources/libTIFF.dylib
0x00007fff459c4000 	/System/Library/Frameworks/ImageIO.framework/Versions/A/Resources/libPng.dylib
0x00007fff455d7000 	/System/Library/Frameworks/ImageIO.framework/Versions/A/Resources/libGIF.dylib
0x00007fff455dc000 	/System/Library/Frameworks/ImageIO.framework/Versions/A/Resources/libJP2.dylib
0x00007fff459eb000 	/System/Library/Frameworks/ImageIO.framework/Versions/A/Resources/libRadiance.dylib
0x00007fff52ec4000 	/System/Library/PrivateFrameworks/AppleJPEG.framework/Versions/A/AppleJPEG
0x00007fff4738e000 	/System/Library/Frameworks/MetalPerformanceShaders.framework/Frameworks/MPSCore.framework/Versions/A/MPSCore
0x00007fff473aa000 	/System/Library/Frameworks/MetalPerformanceShaders.framework/Frameworks/MPSImage.framework/Versions/A/MPSImage
0x00007fff4743f000 	/System/Library/Frameworks/MetalPerformanceShaders.framework/Frameworks/MPSNeuralNetwork.framework/Versions/A/MPSNeuralNetwork
0x00007fff4741a000 	/System/Library/Frameworks/MetalPerformanceShaders.framework/Frameworks/MPSMatrix.framework/Versions/A/MPSMatrix
0x00007fff5e30c000 	/System/Library/PrivateFrameworks/MetalTools.framework/Versions/A/MetalTools
0x00007fff4c6f4000 	/System/Library/Frameworks/OpenGL.framework/Versions/A/Libraries/libGLU.dylib
0x00007fff4c534000 	/System/Library/Frameworks/OpenGL.framework/Versions/A/Libraries/libGFXShared.dylib
0x00007fff4c53e000 	/System/Library/Frameworks/OpenGL.framework/Versions/A/Libraries/libGL.dylib
0x00007fff4c54a000 	/System/Library/Frameworks/OpenGL.framework/Versions/A/Libraries/libGLImage.dylib
0x00007fff4c526000 	/System/Library/Frameworks/OpenGL.framework/Versions/A/Libraries/libCVMSPluginSupport.dylib
0x00007fff4c52f000 	/System/Library/Frameworks/OpenGL.framework/Versions/A/Libraries/libCoreVMClient.dylib
0x00007fff692bf000 	/usr/lib/libcups.2.dylib
0x00007fff468f5000 	/System/Library/Frameworks/Kerberos.framework/Versions/A/Kerberos
0x00007fff450b8000 	/System/Library/Frameworks/GSS.framework/Versions/A/GSS
0x00007fff6a3c6000 	/usr/lib/libresolv.9.dylib
0x00007fff694bd000 	/usr/lib/libiconv.2.dylib
0x00007fff5c487000 	/System/Library/PrivateFrameworks/Heimdal.framework/Versions/A/Heimdal
0x00007fff6948c000 	/usr/lib/libheimdal-asn1.dylib
0x00007fff4b39c000 	/System/Library/Frameworks/OpenDirectory.framework/Versions/A/OpenDirectory
0x00007fff551db000 	/System/Library/PrivateFrameworks/CommonAuth.framework/Versions/A/CommonAuth
0x00007fff4b37f000 	/System/Library/Frameworks/OpenDirectory.framework/Versions/A/Frameworks/CFOpenDirectory.framework/Versions/A/CFOpenDirectory
0x00007fff4ecb5000 	/System/Library/Frameworks/SecurityFoundation.framework/Versions/A/SecurityFoundation
0x00007fff52089000 	/System/Library/PrivateFrameworks/APFS.framework/Versions/A/APFS
0x00007fff6a7f5000 	/usr/lib/libutil.dylib
0x00007fff52f47000 	/System/Library/PrivateFrameworks/AppleSauce.framework/Versions/A/AppleSauce
0x00007fff5d5f3000 	/System/Library/PrivateFrameworks/LinguisticData.framework/Versions/A/LinguisticData
0x00007fff6983f000 	/usr/lib/libmarisa.dylib
0x00007fff5d5ad000 	/System/Library/PrivateFrameworks/Lexicon.framework/Versions/A/Lexicon
0x00007fff683ba000 	/usr/lib/libChineseTokenizer.dylib
0x00007fff68b01000 	/usr/lib/libcmph.dylib
0x00007fff5d4b7000 	/System/Library/PrivateFrameworks/LanguageModeling.framework/Versions/A/LanguageModeling
0x00007fff55cf8000 	/System/Library/PrivateFrameworks/CoreEmoji.framework/Versions/A/CoreEmoji
0x00007fff4ed73000 	/System/Library/Frameworks/ServiceManagement.framework/Versions/A/ServiceManagement
0x00007fff53792000 	/System/Library/PrivateFrameworks/BackgroundTaskManagement.framework/Versions/A/BackgroundTaskManagement
0x00007fff6a8f2000 	/usr/lib/libxslt.1.dylib
0x00007fff4214b000 	/System/Library/Frameworks/Carbon.framework/Versions/A/Frameworks/Ink.framework/Versions/A/Ink
0x00007fff66691000 	/System/Library/PrivateFrameworks/TextureIO.framework/Versions/A/TextureIO
0x00007fff688a4000 	/usr/lib/libate.dylib
0x00007fff56e0f000 	/System/Library/PrivateFrameworks/CrashReporterSupport.framework/Versions/A/CrashReporterSupport
0x00007fff639cd000 	/System/Library/PrivateFrameworks/Sharing.framework/Versions/A/Sharing
0x00007fff5d1f8000 	/System/Library/PrivateFrameworks/IconServices.framework/Versions/A/IconServices
0x00007fff533c2000 	/System/Library/PrivateFrameworks/AuthKit.framework/Versions/A/AuthKit
0x00007fff52d47000 	/System/Library/PrivateFrameworks/Apple80211.framework/Versions/A/Apple80211
0x00007fff56c24000 	/System/Library/PrivateFrameworks/CoreUtils.framework/Versions/A/CoreUtils
0x00007fff447b5000 	/System/Library/Frameworks/CoreWLAN.framework/Versions/A/CoreWLAN
0x00007fff451fa000 	/System/Library/Frameworks/IOBluetooth.framework/Versions/A/IOBluetooth
0x00007fff61e96000 	/System/Library/PrivateFrameworks/ProtocolBuffer.framework/Versions/A/ProtocolBuffer
0x00007fff5e4f1000 	/System/Library/PrivateFrameworks/MobileKeyBag.framework/Versions/A/MobileKeyBag
0x00007fff5649c000 	/System/Library/PrivateFrameworks/CorePhoneNumbers.framework/Versions/A/CorePhoneNumbers
0x00007fff52e7f000 	/System/Library/PrivateFrameworks/AppleIDAuthSupport.framework/Versions/A/AppleIDAuthSupport
0x00007fff5d4a3000 	/System/Library/PrivateFrameworks/KeychainCircle.framework/Versions/A/KeychainCircle
0x00007fff56daa000 	/System/Library/PrivateFrameworks/CoreWiFi.framework/Versions/A/CoreWiFi
0x00007fff42696000 	/System/Library/Frameworks/CoreBluetooth.framework/Versions/A/CoreBluetooth
0x00007fff56ffa000 	/System/Library/PrivateFrameworks/DebugSymbols.framework/Versions/A/DebugSymbols
0x00007fff569da000 	/System/Library/PrivateFrameworks/CoreSymbolication.framework/Versions/A/CoreSymbolication
0x00007fff65e83000 	/System/Library/PrivateFrameworks/Symbolication.framework/Versions/A/Symbolication
0x00007fff52d71000 	/System/Library/PrivateFrameworks/AppleFSCompression.framework/Versions/A/AppleFSCompression
0x00007fff652d0000 	/System/Library/PrivateFrameworks/SpeechRecognitionCore.framework/Versions/A/SpeechRecognitionCore
0x0000000105c00000 	/Library/Java/JavaVirtualMachines/jdk1.8.0_191.jdk/Contents/Home/jre/lib/server/libjvm.dylib
0x00007fff6a6c2000 	/usr/lib/libstdc++.6.0.9.dylib
0x0000000104298000 	/Library/Java/JavaVirtualMachines/jdk1.8.0_191.jdk/Contents/Home/jre/lib/libverify.dylib
0x00000001042a6000 	/Library/Java/JavaVirtualMachines/jdk1.8.0_191.jdk/Contents/Home/jre/lib/libjava.dylib
0x00000001042dd000 	/Library/Java/JavaVirtualMachines/jdk1.8.0_191.jdk/Contents/Home/jre/lib/libjdwp.dylib
0x0000000104328000 	/Library/Java/JavaVirtualMachines/jdk1.8.0_191.jdk/Contents/Home/jre/lib/libnpt.dylib
0x000000010432c000 	/Library/Java/JavaVirtualMachines/jdk1.8.0_191.jdk/Contents/Home/jre/lib/libinstrument.dylib
0x00000001043ca000 	/Library/Java/JavaVirtualMachines/jdk1.8.0_191.jdk/Contents/Home/jre/lib/libzip.dylib
0x000000010b263000 	/Library/Java/JavaVirtualMachines/jdk1.8.0_191.jdk/Contents/Home/jre/lib/libdt_socket.dylib

VM Arguments:
jvm_args: -agentlib:jdwp=transport=dt_socket,address=127.0.0.1:56043,suspend=y,server=n -ea -Didea.test.cyclic.buffer.size=1048576 -javaagent:/Users/mingzicao/Library/Caches/IdeaIC2018.2/captureAgent/debugger-agent.jar=file:/private/var/folders/zp/t1fv___5755_4zfq0_hyn7hr0000gn/T/capture.props -Dfile.encoding=UTF-8 
java_command: com.intellij.rt.execution.junit.JUnitStarter -ideVersion5 -junit5 Array.SetMatrixZerosTest,setZero
java_class_path (initial): /Applications/IntelliJ IDEA CE.app/Contents/lib/idea_rt.jar:/Applications/IntelliJ IDEA CE.app/Contents/plugins/junit/lib/junit-rt.jar:/Applications/IntelliJ IDEA CE.app/Contents/plugins/junit/lib/junit5-rt.jar:/Users/mingzicao/.m2/repository/org/junit/platform/junit-platform-launcher/1.0.3/junit-platform-launcher-1.0.3.jar:/Users/mingzicao/.m2/repository/org/apiguardian/apiguardian-api/1.0.0/apiguardian-api-1.0.0.jar:/Users/mingzicao/.m2/repository/org/junit/platform/junit-platform-engine/1.0.3/junit-platform-engine-1.0.3.jar:/Users/mingzicao/.m2/repository/org/junit/platform/junit-platform-commons/1.0.3/junit-platform-commons-1.0.3.jar:/Users/mingzicao/.m2/repository/org/opentest4j/opentest4j/1.0.0/opentest4j-1.0.0.jar:/Users/mingzicao/.m2/repository/org/junit/jupiter/junit-jupiter-engine/5.0.3/junit-jupiter-engine-5.0.3.jar:/Users/mingzicao/.m2/repository/org/junit/jupiter/junit-jupiter-api/5.0.3/junit-jupiter-api-5.0.3.jar:/Users/mingzicao/.m2/repository/org/junit/vintage/junit-vintage-engine/4.12.3/junit-vintage-engine-4.12.3.jar:/Users/mingzicao/.m2/repository/junit/junit/4.12/junit-4.12.jar:/Users/mingzicao/.m2/repository/org/hamcrest/hamcrest-core/1.3/hamcrest-core-1.3.jar:/Library/Java/JavaVirtualMachines/jdk1.8.0_191.jdk/Contents/Home/jre/lib/charsets.jar:/Library/Java/JavaVirtualMachines/jdk1.8.0_191.jdk/Contents/Home/jre/lib/deploy.jar:/Library/Java/JavaVirtualMachines/jdk1.8.0_191.jdk/Contents/Home/jre/lib/ext/cldrdata.jar:/Library/Java/JavaVirtualMachines/jdk1.8.0_191.jdk/Contents/Home/jre/lib/ext/dnsns.jar:/Library/Java/JavaVirtualMachines/jdk1.8.0_191.jdk/Contents/Home/jre/lib/ext/jaccess.jar:/Library/Java/JavaVirtualMachines/jdk1.8.0_191.jdk/Contents/Home/jre/lib/ext/jfxrt.jar:/Library/Java/JavaVirtualMachines/jdk1.8.0_191.jdk/Contents/Home/jre/lib/ext/localedata.jar:/Library/Java/JavaVirtualMachines/jdk1.8.0_191.jdk/Contents/Home/jre/lib/ext/nashorn.jar:/Library/Java/JavaVirtualMachines/jdk1.8.0_191.jdk/Contents/Home/jr
Launcher Type: SUN_STANDARD

Environment Variables:
PATH=/usr/local/bin:/usr/bin:/bin:/usr/sbin:/sbin
SHELL=/bin/bash

Signal Handlers:
SIGSEGV: [libjvm.dylib+0x5b5de9], sa_mask[0]=11111111011111110111111111111111, sa_flags=SA_ONSTACK|SA_RESTART|SA_SIGINFO
SIGBUS: [libjvm.dylib+0x5b5de9], sa_mask[0]=11111111011111110111111111111111, sa_flags=SA_RESTART|SA_SIGINFO
SIGFPE: [libjvm.dylib+0x48b6b0], sa_mask[0]=11111111011111110111111111111111, sa_flags=SA_RESTART|SA_SIGINFO
SIGPIPE: [libjvm.dylib+0x48b6b0], sa_mask[0]=11111111011111110111111111111111, sa_flags=SA_RESTART|SA_SIGINFO
SIGXFSZ: [libjvm.dylib+0x48b6b0], sa_mask[0]=11111111011111110111111111111111, sa_flags=SA_RESTART|SA_SIGINFO
SIGILL: [libjvm.dylib+0x48b6b0], sa_mask[0]=11111111011111110111111111111111, sa_flags=SA_RESTART|SA_SIGINFO
SIGUSR1: SIG_DFL, sa_mask[0]=00000000000000000000000000000000, sa_flags=none
SIGUSR2: [libjvm.dylib+0x48b1ce], sa_mask[0]=00100000000000000000000000000000, sa_flags=SA_RESTART|SA_SIGINFO
SIGHUP: [libjvm.dylib+0x489759], sa_mask[0]=11111111011111110111111111111111, sa_flags=SA_RESTART|SA_SIGINFO
SIGINT: [libjvm.dylib+0x489759], sa_mask[0]=11111111011111110111111111111111, sa_flags=SA_RESTART|SA_SIGINFO
SIGTERM: [libjvm.dylib+0x489759], sa_mask[0]=11111111011111110111111111111111, sa_flags=SA_RESTART|SA_SIGINFO
SIGQUIT: [libjvm.dylib+0x489759], sa_mask[0]=11111111011111110111111111111111, sa_flags=SA_RESTART|SA_SIGINFO


---------------  S Y S T E M  ---------------

OS:Bsduname:Darwin 17.7.0 Darwin Kernel Version 17.7.0: Fri Jul  6 19:54:51 PDT 2018; root:xnu-4570.71.3~2/RELEASE_X86_64 x86_64
rlimit: STACK 8192k, CORE 0k, NPROC 1418, NOFILE 10240, AS infinity
load average:5.66 3.72 3.09

CPU:total 12 (initial active 12) (6 cores per cpu, 2 threads per core) family 6 model 158 stepping 10, cmov, cx8, fxsr, mmx, sse, sse2, sse3, ssse3, sse4.1, sse4.2, popcnt, avx, avx2, aes, clmul, erms, rtm, 3dnowpref, lzcnt, ht, tsc, tscinvbit, bmi1, bmi2, adx

Memory: 4k page, physical 16777216k(325576k free)

/proc/meminfo:


vm_info: Java HotSpot(TM) 64-Bit Server VM (25.191-b12) for bsd-amd64 JRE (1.8.0_191-b12), built on Oct  6 2018 08:37:07 by "java_re" with gcc 4.2.1 (Based on Apple Inc. build 5658) (LLVM build 2336.11.00)

time: Mon Nov  5 10:50:48 2018
elapsed time: 360 seconds (0d 0h 6m 0s)

